477706806
507450214
15416413
640204293
515051274
583898963
588823465
557722978
478412573
983054301
537464740
124478100
392102156
351717062
912196955
970785035
866319351
829619386
459028547
366310570
945464568
945433410
579286572
655727203
987043030
765513125
320155511
10042541
435452076
183172659
812454516
924643670
507599379
309995518
101425198
853254940
181878042
437570969
354077089
629092256
102350326
17806681
985776285
747711569
490305424
954297126
856495442
681428127
714625556
422461020
988659256
917190090
987257352
54134042
904388353
144164266
529577249
386296866
412708238
156448282
675529940
894139485
514864286
449124511
600972444
946913943
615941708
179568076
112106089
7834512
673618051
54155732
862277773
594584352
915116999
722943778
479715974
656899433
4014638
903752243
566783311
190624429
893353530
854477850
419140659
149964022
273310346
922272141
15110925
930719221
870493348
575104581
936631677
831952223
752129363
252345894
720704021
142213127
667217333
428702799
459173772
770763906
235338984
961640356
905230251
157459378
50514336
179929455
905821745
840063536
382301814
237613228
306920755
397826034
91337943
432032825
612974546
58764723
745139879
860101351
312983212
770569769
332948843
131501208
577863439
459536864
216553116
519964624
273293415
823480371
793851721
137937130
287688901
629464949
737714343
407984456
427112689
783625573
678339896
886658975
920828428
808932396
279260990
778562505
784011152
858539057
887360194
72890729
740441341
367225629
320862723
29414702
942650704
136381989
353696341
310170686
202257026
799422744
853281287
775974314
140369977
490564756
803344226
84034759
556619472
519622178
702201104
453337998
933110054
564581699
108216230
317512517
182651491
466846656
446069162
485302257
301600824
283644129
352747809
122004935
