979292301
786426535
411110965
757427420
818176842
512271818
749017583
87931314
0
398155301
94064893
791656435
588423482
785074717
316829366
842280198
659766455
459648282
662659448
647205436
400304171
456090477
553646248
407490806
444841443
215623712
930757870
270688642
293627454
705508402
0
975994489
854554290
954520460
505887784
388902790
263747906
783565988
0
542349418
76006910
431467982
603067238
151285111
674092754
244898810
919892994
12732557
815245826
744899978
151868755
677793675
822205171
857207632
441572042
570988001
14709849
458491011
341329569
630043610
148838961
980469247
719935310
996448682
969948241
837402074
922709409
439780288
933886401
135808419
601734850
190419292
13117743
675943603
990788391
781097544
337902301
962324475
290596903
699102165
332866800
732616327
189108612
359453291
586725753
85065088
591886471
158790544
955281121
811253443
872256484
563566965
204296063
546340663
866820897
944545382
741261582
2504582
55749420
583056317
927272552
598534491
909120434
132396584
365042331
274801769
474620114
118932028
818397342
729000508
114202298
942784095
508108422
345514231
847613647
621765055
138998023
997101773
730218298
342662784
59037567
652711748
77104338
192731190
0
894358774
556700377
925471559
812934450
626560021
97863455
697300937
441343283
889954469
531117264
1994848
512359506
376920849
179547957
366630566
765282893
224564235
124262627
641031912
905676787
0
195616186
997397877
788185734
749740159
704493902
426289322
241429397
624850788
922514909
666702545
0
662427367
745491802
383202693
902655882
207062486
652841230
813325173
318661355
617030875
843094909
