968643363
758404454
96115561
865434420
262742930
650341771
587131283
640612785
189829459
33027714
616121425
639989435
288686529
955292505
624257215
402163694
108755189
303612971
641005115
165432676
455981319
250425967
248048848
857614385
749198613
842390977
447280901
888127077
268952361
808154578
889850871
267572919
112851851
145834590
951532626
592079642
146857574
853278232
829608167
633384505
116947246
120486923
241061225
0
584662284
455218789
388971567
463932725
495239948
10625933
0
870956662
185155376
828877622
568928889
608748703
319882737
135894225
190855054
937979190
943922363
215347798
0
334516686
824086992
707868985
311656648
20499057
276076773
715345955
862066604
1
567059749
635970114
895311830
770196837
0
876017866
512723183
289919076
850577661
956755554
423484357
480202332
288906
937195694
913507853
83999407
121415853
655895615
949410269
164524126
906752191
430053194
701215243
154743044
909124768
143835579
809238478
875359664
84636977
409567430
27959882
374168467
529540115
864699899
28471519
180180569
499967535
464226258
498113295
761469508
109820012
796561329
297005225
443174990
502873617
147961149
587058345
961600144
657332958
191112508
930248551
346558073
627547961
224486663
806139785
268067970
31489397
535474358
602068004
618260690
435784995
335575809
628749012
562609166
168821319
205961790
801281481
888537482
908689240
180132520
980744611
16083576
697805276
6
878527895
32724814
173886059
576710382
824890086
734691539
152297078
979371744
153601608
0
269704696
557600011
945670189
721506907
749253326
831720812
151807148
1176
865040563
39126951
866930201
624275084
847874003
161193959
293277745
512941336
159749623
182316501
245457813
524169570
429141173
864239514
727674695
940182908
398063236
87112835
730792896
677861254
747483786
0
507135728
723101356
69379607
89726153
