350339092
510952412
997004516
444269770
219064214
934785580
202148901
900332048
435269901
161401032
68426894
752042350
279785806
383582068
915831999
798111969
283822503
533680093
384200380
805891380
808555820
774229628
71119891
569840346
284316108
543144970
43151169
596754297
174888933
734569046
26600064
77613759
879056821
71757707
60992667
621381617
21008044
848622175
644335461
567688966
194171182
187229182
725588121
110537584
872871456
898951982
749321659
572818229
729511344
81583647
208517445
898033103
420342878
329317224
32260619
206803398
174324979
82693201
247259805
838743051
444430290
861503281
305338210
430500768
881143695
113048441
446191442
176324322
806201006
668446634
881265597
180931297
319886203
542666298
836415736
109923862
692594589
18613619
752755027
250603588
830574617
973966815
693818377
621043236
779128290
26103743
277199111
60900265
10852335
750092008
153850217
352407471
787669991
96301232
520069942
851878743
223087162
436204695
942859856
571861179
73029296
661559733
676409457
353359214
958457865
356429910
281655965
789502635
920860956
974142843
524136894
706777074
129953004
548457096
152609032
423778005
782022586
328538991
311474772
291272075
766292443
455690498
658582157
802820908
895826021
762166006
531425829
11109360
173630842
224553116
172030397
163335278
151263886
287605767
613905435
131033105
852027511
401091378
116281497
709552753
979498188
460679567
912650273
759941285
926216426
295255290
428896158
541345723
318869433
311879475
797209378
696153360
543538784
386120260
675186029
49726676
280425677
212587652
25115244
476936812
308158947
471852866
602051318
329024099
320913141
463806601
640204637
425285484
943443154
948078946
273461363
339256809
560394215
102431754
943957665
3227113
107424874
376947557
811015382
789276035
582741785
411515199
542716816
7551252
788232535
