282815997
253639170
615492551
46944873
831929455
269202114
196975765
28196116
942915447
479540304
938581799
63492123
762248577
145066775
175727018
347008586
598807758
290045171
455062860
673918781
446831603
778389034
24007590
568321622
89504491
610189801
112554204
301157515
631403560
492304208
858456119
210300848
697024085
609518512
351932481
760776698
189364812
104340664
844024175
942097546
938210336
993376688
876693199
679703334
942873622
228244927
720400501
483409685
216236421
479574039
464886873
872502311
869786911
457402902
583514049
86969604
224002128
442361456
304399911
127023701
435644885
599744259
498122414
85720475
944796875
315101270
730678290
352464035
783394713
603485180
854265186
835528282
641692671
479709942
382839325
10572976
987167338
244185480
0
110781253
329812467
319960021
931700155
651722020
816104419
230819386
693738467
421476289
75480338
142493246
293056274
45894689
672565689
534849037
142641035
141113229
643368755
93894990
178728362
594462042
790467371
434830454
988872404
5395469
890088057
784702411
205530894
379968377
852412341
15642899
765763490
539044902
666033855
959078028
562966002
737782041
880444313
887451725
179040518
285039209
474640927
613582247
755864215
744780739
464066630
950469090
133233429
863675947
260216622
232030510
102907997
280354997
680228463
82852131
731115569
893900770
305277610
834176378
13872349
375370768
285613019
390069563
860995410
156181591
923707933
207747734
0
217119205
34594659
980279774
290975037
873051388
728209657
113627487
660988410
35550555
642147046
546595581
645102595
237309202
452331092
855719909
718051814
454628142
