114681955
207322226
655306686
909974743
776413120
576515313
257723421
370288800
931107380
226770903
74552280
514482409
162357224
187058896
612602292
286617048
214086366
528627707
436782068
158360215
132201505
195121209
650694827
232469071
816134113
162273094
511628985
342446855
250446078
936347783
197883656
769473728
319720305
771850633
842023581
336925235
956928540
894657378
827963549
669501905
938608982
415862516
903029286
754016313
370780682
883195183
773810471
309202345
905900169
18072434
138637733
838957846
964149050
421665829
648273263
362090051
575585921
119471750
423492004
957693156
576852200
350156019
477521071
379580747
635112152
940479943
834820063
568717809
490002374
674775910
835374772
731549247
778505478
996557172
340634564
704508996
599365891
281769905
474582536
647256524
90842156
813829106
642162411
333298675
550786708
203746223
345031985
272692152
725683093
299089971
129713174
383005012
847915923
663075690
551946435
868354893
765372532
778078409
970186595
678173817
29438477
820170607
815821619
468609074
862444079
85321895
295213068
526271600
507186123
840891267
545374719
711068172
90667190
914536768
331643473
423280555
810995997
154312313
313095458
994017638
63173008
121353800
853787387
194228959
394798467
197397072
449326753
76959314
591063495
675148726
80559074
7239403
383119420
729053730
630542809
190087683
270587258
841415877
113275745
359149240
547073137
409973585
613072501
540056005
492589765
309393052
474796783
436455821
652901404
896687153
815217240
648161880
708088477
344107656
639506723
463881256
266267209
653147781
885842438
686425761
63530805
594640350
763001096
532564418
866353283
33648386
389700961
326635255
667116610
886779041
593042660
253848660
776343063
224802290
56390989
63376913
572990826
1559123
204095670
868528053
288746352
828240408
581327662
352312221
621190881
770172361
793763662
616135378
416460800
151078672
693684335
57180730
174821029
