964562735
526798143
405698910
56121598
740533260
824655331
614314422
750361125
918381643
506521865
725897561
830959497
228301216
78249857
634065018
129741055
544710712
170804102
520191331
916311606
874120328
110581267
336045083
93432195
912250290
72285198
309802103
237996183
677569780
206757409
956160700
721876919
306626201
247477850
426811461
178653752
275023500
38100460
640152518
418536966
968103902
267718964
566250465
62233952
409253272
629572916
229864037
5701537
293448122
627589901
389843419
901529435
663479463
517014131
261966507
168904511
957112671
617032310
423083875
7006018
137562932
689765820
343322285
676472617
657337715
71590545
664271495
280539179
257514355
749138380
100615820
79426200
182226631
456362191
744997413
576389637
159806468
58065368
172076838
904196550
63629321
162467877
170298868
982105836
639077381
679243485
34786286
217595956
846436978
572909549
879130448
871397936
139991225
946120884
572335314
382240097
395276044
835219394
894340086
597916222
730095659
832193469
197340353
994706103
7179417
199421800
401672169
38283308
271908067
627760630
545287880
59370031
266425489
518469684
715453005
876661098
824670243
97293280
786222236
851059007
609720951
244602425
787437756
741778534
891856981
599129009
235196347
880108479
174548859
588595331
235966327
373375702
673612453
780708286
109758151
705842401
333601055
93785472
345944340
952722944
408632027
495563609
158791404
291487955
718896624
277322729
589102438
101411584
657457364
43332960
613267007
299632895
145504809
796485579
868763897
640813766
625308620
959962686
263978475
374001889
983973365
893829967
70668357
599762973
226365266
106962579
682440175
906666915
117647055
297683789
759280196
27882813
678048479
753328176
817378184
350192381
