465677463
989176544
754342640
364070353
846498867
742421568
788809944
754707777
754474403
199925252
847178351
513404237
837893615
309811982
238870854
950084223
727616732
365274666
333857968
405057448
190204631
1144573
660033815
901704985
804932663
4044707
468495345
738730742
869694081
233760679
77084891
273112588
801005363
856980795
925923200
974917560
6
940263770
824454081
713438381
943370668
965773797
863465791
63229640
416825928
511290832
444022816
375474104
567940139
150783592
553537402
894556865
993642700
516565334
1
57897235
480885708
1
66784344
709303179
131462028
435193979
272841427
684486118
369893396
0
312692191
573159024
171255889
19298896
968550356
3810240
54823426
959382473
503933282
511838607
635987870
141097106
350475623
60556857
976354745
505757841
916832677
786031828
3825360
510144237
273584271
398456005
571600621
821376761
93420516
692741291
174865993
204110147
461566740
435673019
115482186
675028190
764012636
835152276
344532765
17273890
732806577
491732080
315328500
773188697
552383290
346398273
171498585
366826967
60537639
584790705
673995063
352282571
0
284650225
48956505
654477153
428241196
566533621
271230372
364128075
875879030
996362975
393374424
0
82003367
226325150
690772967
766761619
375640124
467242561
992031166
955289823
826239853
196707158
801005944
255471555
861299271
0
996264828
718257252
6815271
772432610
840474020
795847603
222153609
65157488
494647340
467990769
492332908
717764685
837045362
762162099
795006052
378785357
458716902
970180549
269823313
809930792
217777451
324662955
906246976
357296252
473624215
285227389
249687855
891212264
480922793
967850321
377176876
649075335
552589320
