112945854
555626142
150117753
491802904
629810117
94608816
351325467
980296442
797117763
215244231
248951169
534675058
820708668
481276349
501366195
968991896
532774007
63379174
275558555
821178688
964444086
57306060
569529169
745958294
507738939
859788030
64775544
767326994
235807223
315462206
229779095
853354980
535303911
573690183
119537151
672006782
755195734
574016091
223699894
685852636
242521710
65120127
804623406
978896281
219142171
142359646
29381195
872179937
179264925
669806767
817027539
305528784
849544824
663429167
575724698
736197764
893874792
282882192
283630557
310538889
823765408
748601116
823910691
185000227
456881437
675513053
432408541
834408316
506814634
875043297
77560901
5938215
499863362
46994863
478478609
842719927
340873269
495009905
114012293
757259032
897630147
8724813
768183950
134256502
709894756
144787069
553391689
456288370
458843709
707263531
378327530
72189678
553517155
205873635
615909757
283613722
568869180
814436920
962520070
494426850
7999906
101960040
136376284
736030615
670860913
676168924
427891442
653783337
201477822
42637373
478919903
368656451
242635425
187889949
21316642
725394488
638289773
260026069
800226509
531414180
469035138
464675306
512759222
89840020
419742888
922836530
156076176
776417105
793152134
303773271
906329286
140481614
403056430
488466532
198457524
166519624
535285613
922134571
591420702
547479820
760450898
789025101
636301660
494674691
554100935
320252012
256154490
70714452
960421450
465370743
321349375
710466529
407868552
389475222
473666022
969656587
470862455
441150889
387744002
353760959
583269238
448674490
220171912
667511254
533717452
358049287
502406864
541333194
228276985
239858863
617411142
445699347
23423596
272813999
719326427
203396920
260230323
802017015
232315075
231050689
719513029
257811707
782208168
23318857
235892426
649503135
503635319
345077176
81152233
922127350
651043590
347554298
275570139
