459844380
658195838
9189356
3425009
929188249
867257524
347226314
598116566
552381241
381258448
803251573
453408755
356630742
612158822
449241851
773525064
890693474
324199065
199155704
345512589
874121371
666787502
547018275
538196446
38956294
593600727
821694255
854514388
511226108
766778044
928788071
19356693
951038688
197641757
934285695
768452518
890165062
836700318
975327367
140170568
503995857
695804128
132551305
49053793
928066158
511942304
642163919
73082528
751062472
516087143
165134438
307755775
344762223
654702938
298482391
597033444
136669102
111538775
400997296
886957763
158317138
522739825
758623313
388775134
392793903
351365430
579580329
668824573
10048209
683964252
255782716
979491190
361443884
96952615
120904621
284396888
657019987
292874054
465224719
526866616
486372696
262086108
415897995
984579450
459747235
467982428
532981389
765427777
480761624
608074006
734747033
300028025
527930887
821729242
1209504
884439711
701384726
98092278
686485383
484344662
672388324
661402961
121184771
228145993
31604945
800543856
650059155
686706577
230527535
454521298
656987171
953556752
37476835
877501244
696074
990308187
509419287
307741629
78956699
323175469
209915479
98276513
575412450
372193741
466581663
306038879
681312202
93444124
95999957
136916582
790171735
57140032
426658023
569611432
578756734
774229875
690467654
573170614
640310128
874741525
542957150
623347780
955627369
979667699
74037537
910962344
642314970
977933774
787962660
25046997
166981719
828653157
81896975
965889755
194636558
35439153
437780302
604348926
508336571
784220832
860296016
938084382
2019202
