773065492
981829618
841595550
887279333
751435148
223346319
427004153
129640259
998043180
418535673
801399175
500910061
262071729
951411537
296292984
728140762
425131083
160205843
502540871
530525676
749584532
965220735
513891620
188182986
759953182
137627837
96017517
992624784
836608956
258075622
142654621
87152658
504865016
575493507
161828582
312811750
614439547
779047506
304291834
394439914
431921498
878636747
863804609
733046243
738939135
146541594
558156580
358459453
299452101
315606683
727132695
949134067
511451114
147814888
593074638
236309737
103088618
642272101
646395787
487914576
267151169
61408940
810867673
472752164
88021342
882258027
924321259
80644885
534821452
589690925
397632929
26792670
212962821
840600729
952033293
267238577
931664100
43315929
348780739
888328888
187143043
571275746
671453663
769688419
873558032
827708884
803213934
716657755
615174632
180716504
876327267
824203289
951691998
584341427
938472725
980052616
958475817
209221458
901805157
809255910
786240
859309116
619241687
224026019
650638338
734747950
612450155
1
297222000
352857896
620742866
392358150
128181710
242871092
867453191
448503772
432056834
599206675
171644660
3810240
724133596
774679589
139826611
265835240
202976817
21111453
1389333
809448416
464165573
906621755
913708185
350699919
25498090
215238739
341694505
514508731
180634608
641093211
761202762
539328291
142755180
790348937
989864090
513937180
928781030
424682771
752035054
2070
102223011
442183559
548218568
730214288
55361809
