456727785
293739542
698309363
967641282
138071434
231084147
713939256
827179763
719993934
505436278
959387572
692945499
88509569
60578436
570337103
980257564
814996526
945459099
173920406
130364501
173587312
507607443
712182844
349360396
584544289
696477553
57977812
842037996
804058498
881453783
39905388
318022755
555839898
879565370
446996726
518569336
877933932
784540931
874918351
170160264
436053681
725966455
564137164
403175124
401997709
256892944
732169575
29190079
912590978
87360372
992374302
317617699
796227217
255146156
538990562
570586632
34846619
260658757
60877491
538329739
511658422
102184771
218442774
540291111
987269951
417921724
344634108
739256193
288504975
727259076
235714696
499625607
656465151
441069643
860029740
130649307
710727006
298923681
370315623
943996964
488417345
565613978
458242814
602950249
688405998
440453814
719012454
817444674
701306250
148984366
198852693
277529349
519350672
814196434
496895527
273783683
974578274
664196849
374156760
636615810
953114936
501108903
700141383
345999111
908838032
585027416
2283087
569741
609419000
782757266
195327722
609508838
382025299
272543584
729782574
535903921
732222350
710540778
775700987
199031807
675268822
873754605
141668366
672246580
361776702
719575895
728135123
16158730
962880854
996625636
875587249
403313998
950645221
173924173
837239052
148622099
786853149
62625305
746640887
653185025
945803888
480186614
975249621
350624270
494812301
297017512
575730340
589861299
840639416
290529368
819393758
167095118
