354011014
369678881
41787989
825818528
782766549
973094323
447594717
230957437
303252655
830226538
797034571
583738295
660959635
466376575
814002353
31939920
821209198
346124593
864697901
597599770
605784198
940967084
561064749
882107040
342109690
678891048
230230151
117809053
520847774
691315871
25653788
531822478
497599886
130563251
796211841
121721906
378307758
246793511
479860913
609734554
101750961
252263398
459633854
460507104
10321345
886407377
784639576
694964947
724221334
88969298
219618264
251817263
416516477
315529830
980631696
572808966
651063232
798464529
862117830
877620972
389797783
234163345
774357246
684298189
858144557
767312014
400308671
636173845
607819760
243669640
102345351
456251665
79342646
748606275
402625459
957941743
554004338
398642644
55890455
724791635
858060440
949630048
226466913
755756275
521375256
374543857
676379472
659801688
414194857
145974273
831841436
72392650
230363882
62917230
622106694
38809230
250458829
955930063
451791309
960315784
165495527
526814865
884728600
354999575
220527736
592742427
59929875
798095791
659507750
54716139
190680443
522035282
685098175
117391260
681082302
208002895
810663595
470187107
710018423
106583424
674483317
223203341
117799428
488267735
539503730
376523876
167158248
433723142
375026452
515524512
275501857
98055534
226900119
370978123
471649830
2465737
164386634
624024063
141845572
900472390
282875619
270326422
363614515
487642058
277669825
576867849
750694934
879267130
633383280
362415079
886405259
696971924
18667749
233520021
706691110
783194627
827565500
598704928
67228911
127458249
69813197
732662255
713621945
620307275
668397557
413809148
86802519
717836208
7953727
373033250
408582583
36145448
508063378
323632716
743322564
400490219
57143506
535800911
642904793
782159895
354607809
681825806
854275352
206354843
