137916686
490791124
908108402
191752664
664758187
212714659
14474703
31994449
771205856
335169118
25597763
523076905
898716823
290213075
781480033
0
0
841586085
789323294
303774276
526783056
550554985
289905053
874673816
629850356
10697172
403504270
677504382
724142581
395774688
96251569
200016501
886975097
587090832
518777081
111007407
907031196
717263335
936860472
69493406
296978488
77908090
679990338
193083524
646661490
706335226
320124883
631127206
335143340
179051975
433294891
797634876
902025531
596664727
1800
881899453
93079273
738918455
964453310
534068992
761215480
284750536
411060518
629562355
561595128
801432901
599089751
847520726
116294532
737173644
719366683
961732940
508981457
825441568
831278031
964366170
923716599
875437299
36688762
730908901
31413565
478964342
926449487
908574687
554553264
566764259
223930412
792993094
873065139
468721377
528695660
948257846
14079335
775830716
576099033
458762923
710803452
777833465
615732943
413818583
684191790
204873474
406184275
360805308
0
591916616
883770068
561538510
780383545
270706175
411596744
205687967
308493905
920869758
956513437
398366662
790671312
53359693
69263909
85748701
122899580
563532763
405666324
168070016
891690340
225285773
335019778
361440963
86671416
329027174
530795943
353935826
168418629
481257437
627193689
249515021
134661988
429543865
161913292
392199564
231535079
180
237661389
150317290
178255017
669193865
983213003
788235224
0
508674987
416717336
248862373
713441964
432538096
877228921
462925822
974278986
695019731
123572682
168420767
0
437612027
374391922
171030446
468333397
