564049597
591832377
235536763
417497540
986119099
967145862
152242314
834782755
290879265
276586912
897932479
231837370
550781814
229503564
152802079
561900030
163827254
790069173
36474162
201401435
803214723
591649395
809762851
951129685
625472266
932905379
305105229
943324761
744942060
708691216
832380922
145529330
5712013
516043050
379049996
108496637
442223037
85796169
104979857
387935258
925710974
824690280
414194327
339481261
469008409
71429250
550836500
315705994
476276
354916274
53491263
928815439
852411843
118545489
528568045
736771464
274679300
288523590
434193213
439544634
776429294
517639053
142839498
681470421
146305622
955597682
18900001
621406026
672287049
864232203
635745312
521863655
766648823
840241266
613027614
310079882
293721712
435176336
164994206
621951588
407645749
191488689
908921677
988362705
606986433
114056470
500543301
385566293
74295017
639856198
450893992
537673219
231037584
417598380
955320923
322917160
504560170
800231936
853976447
571552654
879929069
979307095
373698340
745833873
155563707
610547104
378925232
297139188
160002598
533024176
659033919
955130657
281675029
433084611
12716750
11222327
458390768
763160342
980636809
182209066
943484692
127544504
374480268
933123099
903463922
136983103
418457325
662255475
685440571
265704301
840638962
878025102
726256210
128690382
421821419
574068830
287061488
279931871
490751240
718807637
45335420
548170799
642554943
791500391
595861772
460406615
215920045
286911453
836385636
202399764
593188145
70554792
943985337
657876593
219864040
624050735
162936394
723808049
4255211
406580491
424739659
396790836
862847681
463691919
781020763
112398833
712412479
212295896
713153489
540764132
751593601
789443259
117184252
330486345
348220086
496705970
540908875
620419299
762390909
787357910
85513563
695014681
952148836
759155617
311568012
787827051
303080928
179627763
112786822
236872048
813997527
473456941
