284243534
447425626
277926990
726140796
720054290
387762798
894632312
398226818
125214809
70603630
531746302
416309494
505854131
298289708
4923086
30635621
939748799
124276773
765342011
149087454
278734560
927897853
987084122
359900996
178676434
420460774
692822993
885126587
831716894
260360205
722495441
402410067
116759765
616330361
14993703
658687160
391215999
658822136
397766212
900164544
453307774
483020927
444555547
468775655
160186960
973050425
670173208
424487516
244646537
574655090
59507976
514347302
246548945
229117299
574847599
51184012
683584848
908063403
723999542
263100408
995410209
391653626
539140211
466922856
150929238
965731972
865529046
73990559
32993460
518431710
334945237
501740856
755080909
919460072
686419497
540198248
833597588
974994999
123545251
75166121
89202990
422372026
711633237
72469141
471174688
910180181
84316365
846201618
880944197
806050694
717762669
775096564
725426684
715916524
314803508
968416838
701654939
437595625
602840495
705821545
418625316
82151293
442053135
110299119
677710096
783547881
192113158
967578291
76916195
172815167
626500114
366782072
930803604
451711040
230907933
167895183
697008129
388294166
179451002
726412286
382664894
570988019
152184394
983131082
208628530
552651453
111182261
117822934
480012204
440217019
573656797
39207021
716267857
228177288
905422604
696606521
542152775
219872629
8408795
353355192
387297350
947766121
242866572
70495628
701872880
574710105
194541822
992755050
920538128
61352379
986480580
914138645
843360253
984031821
942901305
151246576
245930732
752710356
201707008
716989610
619296148
417551124
58301077
321886508
852053613
805246175
727492481
965360665
762117433
758906981
675584797
304257029
107294652
