38787292
204316783
216612320
788235804
733133319
86976647
92716585
91609453
471211116
551049902
894325688
13496399
985368080
902638866
128581704
462900016
988829990
896431194
750459183
894030695
897602470
997018709
299981320
348435095
247576901
25906836
98242172
750645414
154988121
106628751
749095979
515532482
563832706
49847719
466655885
315659896
459094266
503379281
538763174
26671480
418643547
127279650
318824997
251073211
269475228
213127735
732805760
430173510
277877491
122118490
828202162
691212765
579230466
482299480
812363792
273788887
997060946
813848446
587410948
40065015
456056738
552731058
84620866
261492229
863535081
44090125
342610015
138402704
839048053
118057206
340526968
66387910
197514827
167251579
51055735
936391363
752957106
702545774
35893870
314579124
700722753
51000242
998739663
186132830
633899551
324585377
158617921
140652323
311305155
194337056
119893534
486864881
411075400
769971969
932207364
841590240
717608335
323102810
484194590
76488984
698350738
10177401
328672397
406344032
577391628
189713390
966633031
231772151
693192489
376573337
849966625
285299047
661925624
834957138
599093821
866760814
993276603
364968345
665934345
849801078
889781435
589549577
467371761
255962703
364177971
567137651
598552800
32508562
869859639
324789621
514893074
552973667
306341290
709677884
931054732
260292424
277224088
578442231
127030091
453375520
957958383
257159390
414408290
324971498
903210924
173352955
980231489
122454700
543976411
361906747
81931108
659386258
691509494
261944208
287885023
366793908
74099795
12726547
529010114
171094384
803987303
522696615
829372355
294043655
178765798
632776897
937158723
440548852
260068839
878233640
834039011
914475303
389992762
494133654
919380768
903566584
908548551
351427604
18542317
535715147
586217183
588794300
254229158
506027220
361428484
263338897
121796284
789795387
955039409
663563754
177649556
601630390
968550876
553207814
808228198
45914756
926598434
814865081
799907177
867361098
949696426
630340978
172923866
988153361
34411430
806688338
556036788
61352824
170286833
69678536
7276143
723047472
676382335
530330946
525153264
757055161
358986329
487863966
795652980
575908255
261210382
177662505
102205969
172978202
621024884
931462359
877251718
355268054
796204929
28397691
878165808
68351941
903421031
80279692
864197842
55256878
157212569
37700921
686990174
139757008
662894317
253617762
148742318
805471724
135109237
809241540
875774277
623942815
877404168
757074789
899483979
177348120
190349862
559986046
755998230
865306819
712924113
631173075
809226469
111672645
416713122
859409837
292576719
309609055
388387345
117012814
621966222
117242247
592718714
4211587
945954385
901201088
85822634
155537727
374953358
526272986
412594455
320071577
873506707
314702517
538755130
522178439
347083071
904080844
255056564
180782788
582707599
615103156
915442602
758160917
445127426
382630059
316801144
367124536
793241736
769508196
956135060
661346086
385316466
186315080
368159266
991256108
77024437
992843018
937878917
336124999
274998006
262866369
87510803
220554815
579418564
575131382
967201420
656410593
276700333
900904919
225008450
670398492
309254351
732709745
636367028
875424417
70511068
836003640
728100745
895484733
937057325
378050040
396098374
206178422
333888022
857395507
893206638
6400911
415267227
238205715
172617794
265322059
109071294
465956961
214385127
183975869
116061367
424813688
22991826
572231685
554634864
972303611
135621058
454614199
942303483
824085367
694838209
876165628
723583717
89223568
590233835
57016499
311066490
649850288
821056695
482562635
361319874
58707691
996312032
796222188
137463991
473252438
232609992
658284817
966059844
172908084
226850955
589335156
799830547
28745944
831571731
830210118
504255254
67535451
101411857
807719723
459885742
472385116
302288025
748736707
536665231
189227665
473983213
196787480
811122686
714352167
915347015
832679596
367147909
735290028
599231399
590185939
831283670
825370836
654573175
417272617
161296149
748429737
503955196
492417573
94417876
2798752
445117345
904421380
810601505
282544584
723352743
607363730
811661124
328133458
537367772
525446743
878601344
506831937
105807142
177114706
769226433
955971295
845324248
307720919
536167711
352637436
402860226
150355654
573955924
75069191
46625262
74987540
46815367
224919290
270532267
19145653
503796395
914474728
331436106
172059551
719486656
567988004
451847723
989389101
797742339
381723816
70143945
230493333
807131122
576109013
550416197
414138845
558677193
916449337
298955384
606903128
390271760
420645229
822814244
757613983
124307237
144654582
786241201
104140663
674760399
724841929
364980800
38951710
7977195
673640441
287444717
535439897
781194518
508482663
924830832
506691731
892838081
813474332
505412460
909199314
171883071
787717235
143893833
899575661
71931042
70596271
626182998
653497439
107074200
115492502
265769420
67237953
497147744
355971223
895769700
245877215
521868655
14662981
42918490
772731326
579432329
228731831
670870218
221552457
914410785
155061072
88129973
68568463
605967958
805257567
290728922
98439100
871284469
324360786
235998922
7108196
849829379
711059371
396007759
800425285
151006257
587131896
52435197
520314569
2815491
511820222
740192555
557124995
314816520
488838661
939456396
872189478
110791416
241091004
895269892
817422010
731066908
570700114
234477606
490703963
313484962
632731576
74875910
778743340
837967795
373037214
157054156
710560858
153463993
965152156
549875657
275852932
849008565
247842493
966618327
596111806
888419523
477283547
211629835
728254255
100391704
349685843
405264072
888758738
416655777
451764222
707352852
178859643
98781027
531075256
294987978
147550793
957275736
268761255
234117108
39878078
49076266
722024292
171971436
884259927
183577787
498021676
11693921
555283689
543424586
923542544
163267706
424715927
158296839
337716274
235570388
558172644
561691478
791049075
688011457
129037640
451350145
696567358
86336458
859964864
838068728
211673432
898977859
107559712
929857497
349416458
851576739
32320026
770628160
83431313
930583461
412336266
251350943
360809678
708835882
420303112
422
617281278
180281104
83245691
711766673
943
621203045
214896260
823583844
136748589
152639358
738016156
496669591
593774314
375919841
614985569
782566257
612080099
378638249
397696709
444785507
761784090
953072008
611867521
60937459
617071088
793067533
69170610
862015974
454588283
180437246
427426286
115428417
735889352
76315378
658060046
730017936
745046506
983674291
767637026
420331595
381975340
568956826
298110986
29734248
644260718
62879911
322465889
504041728
392608913
871583455
636156272
689885494
18982327
131199828
985185260
339284780
298420801
812190571
537314624
880863588
682120676
638821711
494936979
561682220
915571898
745556334
263140369
711090173
492362449
561421666
847676469
344014064
142713856
424940685
251688124
809239073
202124596
551883571
271881893
947244283
371258895
180827274
427828970
75268986
396994087
738660419
59417605
947566228
848166963
786227004
307854533
3608504
446664207
583002933
281153505
774530536
168579498
430328589
101763334
847485418
972449489
931741993
553981796
151899648
857520033
608920948
1926362
152631659
700181032
692928855
411042803
573581801
492031638
443862128
302644796
524214795
585403998
922947426
234002955
682501233
765561910
700916182
741062316
989855158
550503837
222885719
908506676
567159363
109792567
674316195
318550625
477329354
853547181
221504244
713106353
343079953
732396928
30955170
22430611
561095741
349165964
159189154
543114427
653611291
375511422
745574173
45637987
303830462
955120426
218852737
337239463
641003394
145131261
862716052
713878953
128389038
2365550
922730676
893889891
596074995
903322583
696099962
356005905
442472277
613074844
679435904
572967313
855230318
768763574
953263689
480362474
711472287
170210180
156145915
583651907
920345760
911859746
68136086
954698379
901312556
147056469
934240916
890048743
145334428
770812099
481021486
960577895
182730751
92565420
797797043
255747146
168456281
514030358
830119717
242489247
310530901
421758831
350143191
457199128
954319373
332049590
500617599
661258190
138544113
53745736
155408442
373689248
607718891
137775413
490352924
403840269
342519673
524417680
754857198
774082459
348601226
154203621
634438655
381228870
428074469
773107805
444958281
753211119
924038278
313629373
370994392
542197500
526723846
29903983
9588834
345279368
385144146
350224856
289061697
674907604
3190067
282643482
111350823
548032951
945091142
842340801
203360494
85654084
63063717
588361255
469674747
604446619
366780429
992203579
25739751
773094884
787623935
538476741
967799730
299567727
698488624
296075617
106521202
696631886
394263525
287585392
85505108
180202549
873652364
294063929
737122864
407110886
492891010
65780984
985287202
659207095
796335672
830157859
48440014
339694753
761506085
87927444
105458051
488978146
460833585
44792437
471492221
212127420
379350607
365253295
53012925
520925845
240622005
440884935
902964524
403010101
37203058
445274435
359572184
871477909
29438803
849073365
575001127
347247102
825741423
875407635
446028027
979209981
394013218
628727326
830982858
999179471
838444745
784473371
355087680
798680733
126749526
835907547
62576579
522057129
280852589
197242688
261818691
312825401
926310037
508416837
9892902
36677371
38773920
185906456
828767158
227395251
617767158
172742272
636832746
888619679
81486169
944001255
394274902
646790367
206135549
797992786
765209460
84845438
208421001
435044199
296156859
394418215
365736351
355763897
781569743
319328923
261088184
919883483
272616546
672360898
555503300
754512582
457297874
299214224
307691391
657616759
238022370
680409551
700104607
934354258
719107573
55742964
160247992
546115698
353656554
511215646
567518850
744272745
680805239
349179323
141283156
830728832
813370420
219159815
448872489
940690479
323454339
903031267
734468510
701506381
261082543
139027149
299076833
28543167
910657902
189594643
808327221
663661021
145562916
533991968
124764831
541612533
137966179
615694190
35338501
205839377
724529380
621292323
330559967
981023631
367954200
476490556
489727693
862758112
728750737
959019400
257202223
949726537
958647673
695381838
697237780
810127584
89475134
864713286
651732318
173727106
476482278
883769072
398515014
186748471
272851616
233476203
596873548
632024732
158520980
636498828
646930874
951221795
510639546
201987832
308226516
918974622
996422356
976383799
254577785
562865178
796008427
712280312
290531086
24759022
79735090
314115409
255058343
609769853
217787811
484401081
185647697
452972618
527891858
443471452
552863626
759445153
46584833
888448394
623859915
220563935
754054740
21841283
538455542
615130762
597510319
697827806
31533641
286146593
205963082
134069850
225601607
604052179
674310438
39062378
211436961
876881246
795355132
204757581
775017791
338537043
338897616
591063897
568534119
778746993
481643780
608660873
401150482
713780642
385202828
586820684
945210276
213944209
252544566
96983816
167097977
307151591
489388718
422404131
542097434
950730185
859233959
345707266
946970754
394996933
778065395
596232426
205128136
928508202
271158833
676266975
466247354
718042295
220919651
208909460
593855572
725169100
42502672
46453818
667804184
723202442
558824191
726309936
254015880
145420378
133231590
13585213
290867767
135870628
632603285
866708804
793513998
388917251
34986306
324881999
190993658
350942341
297782795
714747284
502192826
99463432
992515066
137863602
882200374
139317556
228861434
475058540
16336756
401452736
340467285
560230434
696009810
236653521
187192200
714575335
342692660
262430887
87838732
558944185
722128396
367102975
362619863
680586724
217807939
951786933
278408637
461837602
615512274
678482425
217037075
965285782
223456939
173129552
589034674
581089498
121975392
373773235
753342992
990946117
897719799
923905869
201453040
431263236
945370409
78001541
910315747
341749171
44831699
217932142
786668337
187224964
249987956
876728688
442615740
326039765
566828149
349440579
500375301
730871041
697764689
55491748
571474652
659703766
585952712
646378834
72575267
539857139
84827159
39989829
535295860
254556328
211747447
968957905
959841321
218024160
72481636
532956931
807489405
708857697
197402870
857818969
980481916
257897050
150737938
511991324
239885770
433744471
967988311
132727602
557003837
471319711
71320649
269524024
74214266
527483472
442969022
529850554
637637846
408088764
885189969
610351690
617869792
664173550
22113914
735655031
163749739
205102140
216159136
930516243
463495683
448143559
718625989
882732930
337624946
418626192
817306870
988213388
538722552
602246066
886503668
356475995
596094385
551276971
357654895
719066341
637825463
301942952
761940909
350195798
976808238
348992255
135655383
350742792
942394604
46157365
902078218
362237146
458531088
489099769
841969699
355690448
226832534
370707112
58228151
594173698
786488636
802271867
630719513
110294335
816541432
69697182
656849377
925052185
830051762
202466885
6754965
936694336
112976143
899989935
514446470
77657724
202457749
953311646
622540959
356772533
631446121
432467563
92927669
690262616
932258514
710269948
925996651
798708964
244548289
53098452
2530231
803347272
405958405
639889390
545826032
190552096
162796725
467488557
85261319
999126070
447727384
421224051
229399215
112177322
699330615
527672638
786235300
905104661
933217145
117488945
360713268
603370455
589708498
693347806
755385390
259420626
590462467
906910181
304839006
974737211
767236647
418102590
262861327
959235912
474760969
665587046
773147348
8370906
623709498
286374252
403321055
947469601
553920831
365481432
19368662
731428115
541601055
374898261
361303657
139673102
434550464
766787505
160969768
398997299
718248432
693672388
155521449
338309820
337033369
903237093
868413100
202302469
964990585
260124947
155721137
637776711
593555199
41025859
407781509
179861981
409805014
494215456
573795199
998278904
954261795
871142163
291666012
8243150
762619233
731792954
193068792
182358920
57867553
459063836
839494091
814543590
733834952
402383495
536611131
6359898
479318931
489262091
622227475
650329031
14716107
114491800
645774283
874358359
692533591
552991454
662647190
842530521
656440897
851036631
22223661
675607917
825500354
506807323
653814751
624839558
382940454
229507354
256953223
922561790
490681021
233215167
70939351
549599529
983042607
776596901
497091758
288537437
358931087
990090629
882833756
203913027
878269366
719016726
712161773
94891467
856655264
526916050
253664680
501078385
950462969
878883753
638826163
754904465
447435422
998799692
790307243
89600899
710607877
296424104
143848411
421096540
506874496
760767534
748110331
756512577
249094369
24572747
218064003
939916749
784733484
840346247
16386949
450437795
117964876
545608075
114729641
374501585
870046307
1225060
906295652
411169089
833450756
904980032
894952637
961419040
