393119095
138703150
247737270
278074906
644058617
790131629
403035909
252027875
822480121
615017287
909709190
950090535
57138099
293420906
589340496
405442369
910942608
959318146
619044457
483132665
899925972
221154153
653750014
54612724
362697965
689054299
200955606
27843518
278344551
916381678
131977756
177864580
569697291
612289316
689481014
595993855
893816300
205962461
902656202
362888699
630065685
178722163
2396607
155517600
290125917
673229482
934580299
452136543
209667711
651379651
3151624
720466037
483975453
322494785
835168277
537637039
694005521
613632775
369918701
301851085
344117768
557857918
520739085
365113682
840301229
637173189
735127894
295574
905840623
400962234
661161452
291104078
392934298
922270539
58508662
489768790
741261620
512883188
514959241
979921614
937176708
395213478
568309995
473120657
871941545
861290234
516096082
177802713
87561894
522230674
20776006
970334410
799699525
188656118
61446633
231049932
779231238
650879282
200798305
633822751
735007365
210250853
103655192
484933378
994744734
805296708
766630102
396174735
449156873
266646452
353028671
828700225
904525313
773147684
484894004
367355869
287845082
983987821
930101524
894075772
671928344
321631181
782464032
265882409
674052938
521049980
901637791
281446553
208535485
923033631
222359748
462622831
470308803
988554306
773994637
17727701
795511223
784636394
981036078
210010185
368128159
596132243
69934025
634484696
909515446
404025728
306157164
433607794
640593800
184565921
352787317
984008673
269476841
313430024
91719657
96613085
30785488
714608945
376400279
161294095
844783798
665865763
641111893
931007501
574062580
334361967
823428652
521303258
209559168
446946726
353581716
10168897
265492557
930988724
685966406
327015535
436755115
756042735
206426807
254747217
807996578
822422464
709440443
624702423
959119314
718734425
898376863
918856020
791854521
241144462
712416096
540916357
938940162
841486051
371843777
441528470
683592529
662977068
986725656
407992384
295764854
116921906
510808261
695916266
702596798
157654674
749567071
971142494
304077694
830749712
292246417
809406028
877518430
49131719
38090319
274077875
808981591
867327306
412514606
475822116
549652521
542284684
744597156
307322564
509042580
629357335
602886002
509082999
472388279
588357805
297424148
604894217
183531946
391189960
574491933
332683934
918264581
3427173
173891289
235137130
517112857
349009159
358240580
979240916
741822095
992276897
321622589
359740672
261548905
172091791
40131261
231472099
168479213
469410176
757518967
991764001
142893184
742066745
558226683
235793349
873244305
802641751
654407146
535023441
164138440
891005814
394146549
106466822
637599851
903645472
344009917
341651186
968446826
40736093
253705700
7260452
414307357
144347997
346397465
946534877
12859947
666950338
206726696
685449082
208073819
428940502
150551104
843581203
860522827
757681131
2110121
367449175
386891542
770922839
776946390
986448588
22550047
342521236
449261069
842681100
37580463
639849884
297842494
42936166
486299873
922237101
186919040
834631265
989887692
280844988
548897970
966152816
990252132
660076245
162754603
68467711
788442277
862853654
701634138
64829004
345578619
99806373
147770496
573918796
652364739
14495573
269893160
294580423
129574835
730942208
8149424
309175519
248107766
381938314
146451084
32736541
533385749
77626494
673044881
342727429
2599120
821114365
526047948
425020717
274267643
80734291
184892021
806386891
634390004
777198834
55378252
986962304
648225380
560610596
961635552
394794480
204753846
987392776
1209610
483768686
275352397
400480375
846435214
675785197
149823826
945015425
280091640
255377118
211176939
116557113
104508625
849482736
58849039
611903093
643963459
933296350
115382281
135368057
47826486
60807876
623210831
636779811
946166226
178246163
449343682
436546490
962212524
717654612
33320121
442790536
858802986
337648481
950515144
216386498
729136142
479638031
722893999
252964003
340769345
553811938
746284719
836035217
133002255
349084206
965764287
579811838
238092232
25709469
595328109
778958704
217943667
454226147
430862225
251307649
882650065
633657290
254934972
560062826
969412726
272200724
765088859
601334745
377202863
162490172
434188071
237927095
222212756
934509174
180729421
522591057
705192398
814647102
823144121
520074004
271523210
924104141
990141317
364255892
306388325
844392322
370196985
262482875
772323180
545793539
716148788
963739375
492236660
688837105
468634261
518088767
802167063
11331777
195506685
194274938
845473678
677295550
399609805
559304549
690178237
223451841
26657289
741599218
126761333
673888267
911297540
794895063
497424498
819992668
254318242
586386251
554901797
510430255
106574135
274783442
828711797
368355449
493997116
480901509
394644699
78849684
610986962
143647806
866275123
367328652
557030971
551935417
154139024
817250967
975984134
351868767
273188536
690360902
618159289
898415627
459089986
478147336
312112496
964235208
11405018
553344874
50138138
178884932
894978496
175523108
823355252
238018440
78108552
691141524
629051007
35243081
195778924
34994234
572552261
265202307
503539918
702366075
981942345
817587321
787398625
327704774
815670518
119960461
151360708
895108401
51616865
577508048
409374090
231009090
29468780
4360132
844516213
910991061
95282307
659194065
530622347
857057439
663191620
424123196
596243301
337866586
62522848
462018199
643701832
444169810
140960602
955124621
56851534
719341441
646169693
117330492
628105405
870267721
348563653
41528507
651068732
395892501
816325991
960186345
85540125
132362495
452972364
963493309
720576737
364510714
315056983
392344070
828519575
913002119
997863247
115034623
301248140
404698651
60313258
743806563
623368128
5029049
784001687
937801162
670588240
825778743
704111887
725365178
663683896
526437310
419558944
843974851
701839971
592731302
817812711
408743391
282612947
467805922
491590601
178060652
446214601
425849472
181894226
940236364
290733918
781002698
874238404
429618708
692997456
616282111
239971653
101854832
467803403
299252387
269138977
716583620
903610206
690749474
963967967
741910087
925286843
494128464
956154939
971155853
848829885
178366532
651025613
472048136
157848235
686640329
952386956
694797805
89658115
108724430
129200650
401063131
291407806
248655092
542006803
847871304
493329317
385446033
341540656
675770761
95109866
800511181
142010708
512695065
875148889
932353967
911033900
762156726
967509560
146451209
748786754
990801848
764744691
865726578
883783369
497997172
564248446
605097140
637057437
176551182
73616525
715501497
351550403
981085980
993417869
298106470
918999051
232296522
220004869
522493623
749675134
836686270
566553473
685298710
17559364
606978598
847851993
552609908
357750133
86699889
622398681
408600040
351154445
308250294
927230854
764782088
264637535
279168875
256364179
655886430
390206387
567211404
928256239
6403598
106131003
643819678
57954688
720166499
117606261
559244301
753867456
189488399
506599634
313726440
589618705
35813979
666091666
521402415
823929550
809190164
184048140
317413130
873896387
502655865
621531471
624838508
705139221
134034131
534674514
312235101
702906982
253565739
665762787
340499156
530599681
146665932
639701594
197947092
203322364
420137360
911262980
761633431
947669424
997093211
121566684
496239334
899164745
667818373
878895161
843668473
312287025
676099502
435884124
671724938
113646224
978023535
36046788
969080408
563078778
357533332
289338038
709443596
75933907
449684727
683626042
950446424
680136080
943279867
454488297
8242746
81944417
145717253
36760270
192592369
979926130
594066000
900020804
202081410
231020038
158336394
626199528
291633409
513228248
277767427
865527682
701219386
137770110
26686340
609224727
942593319
458932321
639382491
272983664
919283429
929398837
539429349
117355553
537135635
673528733
453071544
13460516
980053551
823652102
786282022
548915989
832151794
386962001
950867033
357499313
85713465
369028437
395016975
164028578
861612004
64697897
295051652
682472293
564830477
237076295
606648267
322572571
297369230
58142752
180496087
773645630
284172728
501392650
420109716
560981932
153216114
910843198
372125347
966318308
317304502
529115265
581020570
858285115
919412497
420413413
582440167
802
358348616
393745066
650887983
686552588
969945363
149363238
749829614
846288902
130150442
560660226
392095831
740213017
48187587
282142953
355548596
807839883
446878683
180302247
812028415
651263877
831448923
903718037
936843293
990888429
139448106
372366225
169775251
711982861
432995837
619298585
669483969
497549004
235944391
545490665
445430451
416729914
454527862
208949426
276809611
911294598
175273702
612149707
427936651
947049139
188774700
467304489
474635273
200592757
8488037
815514506
165587005
855884188
565554947
635604303
580877606
956224991
839059754
268167802
597849614
866894392
557575211
33459005
408317683
115102014
128716322
765348460
103823711
234932557
684753462
691850351
27868
28858275
744007051
727572018
427320369
832301754
454215604
680164257
881736377
82578023
760673478
370228218
512431297
927786799
385661248
498750043
443075433
896219477
751654348
973069934
658181893
935203716
854088604
267805008
755424577
602410447
844913811
807210037
815634072
80463608
80701978
413101305
564679145
672123176
8171935
812221731
861605984
957184103
519000087
373908845
974644797
388110794
856811275
81343284
544892051
667521743
458049939
533253963
458685588
308545477
709817799
268109801
765138327
510665070
153709152
365746204
930208301
635637893
928643980
307297781
771285928
192857635
572897786
257774605
142096980
245686125
252581168
811878245
270837068
282182198
976397681
4131339
73668355
909553597
908164697
165642634
188455034
760975013
568417874
848013282
55113723
196095610
671807654
43539078
993739038
449938880
79098054
333483626
875664464
2388407
883968554
42985419
677455785
188551567
452007877
146271628
50736329
600521684
587927425
508720450
503840575
29561735
598055173
477081570
536753596
93131757
947871997
182650925
367400723
452147832
574543515
140108485
544779370
130983918
822972237
831625001
788137572
507366732
87004983
353713014
524412077
431005581
472907523
902441414
509377117
371603402
908342731
173277271
984435736
232092565
359310725
496932312
960077856
237407843
593023965
291668748
442261893
116923545
722659470
813219400
258245935
180177136
985324453
478843773
636239027
469043321
776071909
852126238
500295738
615487877
11636895
296740958
72586403
680956122
330065530
211281490
639533163
874827442
438383803
584954016
182059524
922281882
216778858
709992618
834693690
738768715
958697369
89137416
736429956
315895404
481270885
30175759
76732106
325785897
497373154
449054570
563403915
140973567
286569977
994463780
968863013
159601690
639104468
396579765
85477325
797501778
418893232
746062803
910874542
899337269
52088435
724774068
573847805
144636030
472564587
767959447
317237121
598833896
392523246
80276923
693037572
306856532
692752068
939007171
971846106
87223699
63493742
952333045
296049020
73102886
714895344
400528600
306323019
249450844
316653075
293506437
415324313
924702312
199257017
337485064
841422234
562063009
557659835
360374876
523959002
658058784
973767807
93867377
237601992
484125812
234982034
741089469
153645082
170106639
986645821
413562809
625253982
284910482
828291671
819228933
380619131
68618049
699997378
340544141
831430371
243209744
859052042
740936057
532790297
521400953
222078414
678448635
60940933
661378932
527656101
441541146
78602240
383939418
820386403
232830615
135587365
959079925
497464976
312122307
288238671
14367545
789313946
254915701
144728198
864673250
842683798
985472750
661457493
557690746
170682913
675481869
237553547
870429659
645551797
322285652
521407156
217095655
59802758
972235880
174299575
665206825
651289048
129132755
903846040
6596165
687355837
983845755
273475947
573925592
911997299
898502979
213461764
362293151
994922205
752751753
841478239
778183186
83674722
367798487
948916146
495314120
216211463
90018604
418105905
722942390
107525790
276142143
526437898
396536125
632023233
315197597
902656303
742523466
397245257
770417677
39026944
832538238
173710688
326758882
419650841
638637776
51477207
569132166
458432625
423587912
59943161
944653187
975458452
728018937
33066326
710415193
47506104
823746650
354862915
387212913
36293341
773780466
293044578
540870335
178362315
339500360
609712178
883820453
988040696
469625288
368137061
733145098
541025507
364192746
300474131
626757708
22391131
137457541
919164394
895430520
655429139
384280958
72843754
372243337
144364213
903052905
662841300
706369409
227967897
719104711
581274979
70049759
728654982
294431666
258431276
104498615
527527508
35547898
925433007
760480298
739389602
199846081
646782207
802484018
271327291
376849400
216675174
438170836
142354836
303258086
730599823
65798601
454747752
561714244
971785016
150959451
95812869
130463971
139821913
189717233
836924750
371160155
319080716
882990349
562676812
947726027
573293908
98471196
174336732
115749266
587381210
592995245
288027495
319806207
507699943
131741789
561351274
548403507
973604393
544351219
876456834
306229443
800733513
987225651
497506160
315626183
962495728
788451403
716005458
958627114
339234104
686718538
215135493
737732320
584811784
693747846
734409317
625830605
234416187
735314452
886165382
40547007
404009269
639983529
499541945
472576798
569195132
152085039
821714595
122197687
897674203
143937145
230924574
897354241
334605305
367168974
671934680
169043489
907774436
523144583
934965898
887590344
11403233
283270758
570668198
333964114
328098979
776335707
53486269
722027518
354779386
868936612
770982233
46048268
753414893
103407037
680961205
849220271
869446984
793731643
891813170
868249736
97732182
643153594
628336445
713722988
332504530
484176379
586617241
333425713
62841696
988021348
643390891
416484222
226963489
488929811
376466063
427758654
938263083
521856834
658379557
745735075
522225196
629615015
29767871
154563935
48128988
254055061
642635648
968790971
623525009
467200062
861145338
787754195
685939040
796220467
267723978
995662434
410040442
419674007
984738218
557091836
999720207
560064633
498485504
775579493
656863372
57522702
81020569
907394480
301495177
564344687
301724881
438718019
49277564
795750713
226595391
159962890
618245419
570884184
209868260
696740844
491153673
499294289
685805429
289314531
816427480
273145748
148272878
226100657
79576182
48846005
175076139
199537858
138229341
470340934
520457915
90806542
271449057
442527643
43408307
410922071
826155810
248279460
295970808
537586216
656791724
969046593
475447286
439620109
150298865
282373460
71624858
630164513
419947225
403814188
705063814
401931467
508685334
522174920
106807568
397584755
73329374
482740813
714663925
248066050
3650492
283636952
236652210
881256531
427013152
710980996
81991858
267547086
789171261
68906532
273428413
180707108
791800715
835173655
377400105
462128930
772834081
629689875
480765340
725929494
719168364
118945210
426225041
774276057
710143335
170241542
979119342
654735133
359633661
570522429
900038775
564698534
84899910
728686501
62575097
248483890
735498942
337668072
418617838
706336086
969831288
694069470
626850482
733177245
790103832
643732477
119327982
126746858
728758217
999366265
249591184
101845880
743189664
581762000
512632515
403582132
860110022
908237599
414772016
50685729
329881388
410046206
78007424
217747951
850369856
201883115
622229833
210859758
872583131
317744700
695399370
519506474
830279569
717507638
155001153
774192080
885738444
824957084
908909552
754206219
648230395
974157382
777929759
536941837
400711315
843606637
248318884
454587155
887457066
935027606
209466841
432952619
413906674
964187834
366207003
706504597
693426210
197323416
492646034
850215312
241357180
180112343
717940271
284806837
604114571
622066607
181117536
578970740
783420863
975726378
436191487
142367961
404648387
362471728
4037480
558888928
583177106
200439095
440395646
586946498
629672623
795699282
898285832
659454354
251305930
262512851
265089909
65420332
426371236
907385466
867557354
625814310
91311334
47827258
588181651
130417717
470765884
645710957
6166842
201858284
944860155
1518783
457366907
360730575
29858128
786672804
180356478
304698062
520719090
283167181
264331218
573903444
250888847
330944839
418630573
226894488
280636069
223499287
833224608
888601460
623185809
385417798
462428149
719632797
574697325
872322348
153647574
921412224
658551474
212279458
494261912
864047095
650851689
59359130
276894336
211415967
893685976
282838305
949121559
588621665
512030557
395112932
838277117
55685650
383155799
825342800
293608282
666535664
843820269
840893775
862962880
760941873
219228644
558596776
909775777
436847460
60261815
500883820
618486011
129477281
147474457
407972461
705787349
852821791
429518798
57448887
450984379
117735374
585175523
890679288
200094971
310115240
33574524
61721639
827925437
748023486
395530726
849473198
108178233
195679052
758190095
654698815
914212001
766355513
49056096
188113777
534955258
756324833
145281971
866963432
405713949
352487633
258295234
53198893
660428673
943999159
180792185
222890752
221276380
912056766
338399592
279464161
531100713
841786740
914139022
809444766
502467959
110730491
821289675
382478223
82852690
695667710
350388110
99426480
972653978
663802246
537867485
510220149
233500679
319869603
776185516
63204640
158528672
976543249
891505139
379726817
80142230
765524756
887232422
645260428
491986155
969684013
330706988
51259395
307619317
376559599
284467422
6922990
964357467
805320745
817122545
662020891
968110056
34152700
464950581
844906734
708661259
638396755
151894168
301797352
61802559
785366886
218451991
643962480
161747543
960420035
841117082
513308276
360552088
677093533
19045847
524950573
128671717
282868943
33177599
976490991
301707027
816278534
611979188
181321110
88665387
298743822
365339600
247716010
620128527
362092213
911993887
476903417
423899322
381404066
375735720
984262154
338481857
75176335
459977162
620696587
245164987
591573126
19952741
698654080
512832923
863790344
93676588
462406777
647540986
253319520
530626886
172904884
993665450
990992546
272938729
26359607
866159064
326562459
284025463
692397635
972492507
739355094
946310191
402071604
808371727
619626965
17520579
715314042
246279745
815969559
547823621
701042419
404076070
149584397
653636056
312249410
906455073
91834905
827605802
876039663
714196121
183676988
570313209
845234822
497219530
178596059
901637489
29421542
345573456
406680080
780019520
969957429
696480150
493222283
91978910
909242199
847337416
918931916
829407322
66146863
792782196
455342218
964791486
451344745
525356075
491456438
255356378
52842687
699290370
846211219
462890122
251217093
398666581
335681484
782135661
242088112
316988548
429858427
800551086
752018393
45565577
32045255
961136606
36430667
896733223
613725506
243575547
410960007
582150572
604202523
590117967
577610973
142702938
307481310
170864959
476899216
365175047
513604516
477414269
64667866
681735067
105534052
571596592
993993071
910658526
228490452
432242166
13329266
50846848
606696832
957359948
446804177
727746915
507823434
726442431
411642660
274019395
290165232
631250029
878297065
293107320
380118175
189475074
35791190
858418803
94305409
65455871
777159794
771219487
413331621
679222221
184435099
199968489
642372381
514990604
476145165
415668398
868834048
251424378
735795623
876733866
318077382
639421572
487822988
16391153
989378459
594891286
927815549
350050977
755302152
712045245
426150401
209878375
162544304
61636983
209559092
381443425
294102828
829462643
462916799
448069242
544760731
449139078
815182546
347572201
688835850
670849002
674460154
130643411
247801130
311327298
727141420
121960936
228396979
562026247
961964395
967983429
749004379
405028993
195005643
314588859
317342979
795817023
231579972
47199245
34571263
862232220
865448752
507226979
