175261869
1676716513
374348361
802078
2090636251
1237150271
1015883214
745773055
1424523697
1339953467
320954256
952844469
998490465
1671136637
1780099752
1591652220
1154488422
474286010
1539366988
2076643323
1386426486
903949247
892025901
1257281006
74526789
119023704
1832196910
842335459
824080187
561786318
706419115
510150029
2141692965
1860284397
1636272458
1784684818
2115529450
1724939528
1886063746
1669279824
1440113210
1346329520
1633971362
1217543836
0
379394964
766749516
1891601568
1189183362
764413954
340279082
1891612426
1080299420
45114095
38493480
1491020165
660673748
41632988
246292869
2121473220
464986717
740438895
2007910247
1522279297
1260155977
854291943
1089356742
1905790138
38019367
868945474
1741322540
1367288927
2064808765
2046475902
2004906841
472249694
1640912658
1296976507
1972938858
613433054
1607086091
1541365823
656812962
397214064
1567966617
695813518
2063337258
942106813
1992074860
347361572
34039557
656812962
2059421098
1794667359
1992074860
1549537814
2102724318
160897908
1393181380
1347766710
1931366614
339820279
2123501429
1015883214
1675849527
921307790
2028035830
45114095
709760338
2028377194
759713200
1367287745
1057976705
552488145
1215047216
1306754275
502930103
726566173
243675876
1343489704
842335459
1189130791
175261869
766749516
1444445929
1873382364
801796066
414407055
1699962153
213861540
1680096070
86972259
1456817000
682913408
1347316304
675690406
1911586050
818903547
1228312653
145125401
141119621
1260642081
44457548
199977866
1402894525
955988182
1807715577
818903547
981624145
1249186004
364163227
1155215546
1503163100
1668261015
734993304
759713200
1990350477
199977866
2058911946
1186673327
298320751
376400034
114894004
1320899443
177350293
1397237603
951255860
1604068226
1126343858
1363927213
210518487
2079068492
1814443809
898485051
1590530563
706190122
1305176571
456087845
1155215546
516121023
709645195
146086101
1884378211
2092781638
734993304
1932292429
702302658
410718549
1653355470
1368710206
1464104168
1521743675
1449642695
1076844460
320954256
694027588
642648238
898485051
1412461616
1667337436
936255250
1119576542
641280139
1780497117
1967078361
1786973785
1861576377
1099746673
511398642
45114095
1198153760
915678951
666000579
89350696
1668325252
500070101
705256373
1080003292
142566746
500388871
1653355470
262364778
359542827
185731319
1055125047
1678464402
418740960
1413299947
25508174
827885674
2120439876
2061895915
1874437469
1854631873
981624145
572482722
234298409
1541365823
502930103
666000579
1940354104
1759743569
660429857
1403048282
681615190
687111625
1783221047
213861540
332102647
1418882801
185731319
717776176
2061895915
1609524298
1064850863
1307533701
480345599
456096859
1877897941
1273823384
886249325
1751336343
1381450053
736560268
1250182069
2112295652
753674473
811670723
1566934568
981711857
410989732
1953677057
1026632780
123958395
1479886352
364163227
1684003924
1314018883
1104310258
1900508055
1751164070
2044332577
902693460
1805165455
2096958195
185794927
544264764
1485202826
2130022465
1068798256
679875849
1325752747
393634900
572482722
740384084
1007378494
1749584438
1533813160
492985679
1650302867
1300722203
2024380141
1234384021
2061718188
746088183
1479567255
234904485
1499931870
1398146196
429531370
1699962153
783301620
1736548463
966359825
1285323429
1407553718
1725469324
681615190
1306754275
546264225
906791003
1798858138
406402132
1522279297
1088757105
1327246137
662997391
791378962
675105043
795752926
2061895915
1212828266
59787008
1211071759
1564759597
1375473858
799443135
355018517
1010919549
1015883214
754022415
1285915168
246292869
1835888368
281816097
1564357152
1382363974
193077719
30545718
120797823
112082288
1543339874
1368710206
1993048269
1379291536
754022415
151195791
22249216
540432106
1363927213
714232089
1718571475
1575528969
761992904
1751164070
446320353
1058430923
1327332139
1941328853
915678951
382295577
489711582
1770150602
1762491341
1035405356
283934479
606760994
1884347288
945634
30296968
1522279297
971994542
1556965683
7107957
552421444
2124145301
711524799
1133788807
121781975
2028350473
842335459
576401908
1327215641
664961619
746088183
540432106
613433054
552421444
458847852
138546132
1922891606
2040554776
288305063
424878319
1076844460
815666996
717776176
1076844460
561786318
984709657
2080727611
1688493705
863435220
303833695
442237077
1136826951
871919716
1487763999
862680092
1546598421
347361572
314296204
957893665
1765354507
893673072
1566967789
250694657
1836149701
508385187
1327310060
1564759597
1398679934
1368710206
1418882801
1607556594
238113387
695813518
620193491
1367288927
1618273916
1212828266
1188328775
1710872661
566646900
410718549
554806382
1267228241
464986717
1516784029
591100944
1142098815
1959296228
1202681629
1918718814
1352546392
742605298
1019349194
834569288
1696520435
552491485
2111445295
1424284003
801796066
1168903016
69340829
45114095
1972938858
429531370
1550003905
120797823
1889680980
396975854
413498215
1575528969
1336287635
1731225175
1310431096
965497004
1005941752
1038318764
620193491
880751152
1828480397
1246521089
2021863165
2031463742
1415013107
824080187
88744457
243675876
1382363974
345310249
726566173
618804942
25508174
888355412
966359825
2105419154
117574268
429531370
1334857604
1542464187
0
1266363900
1375990920
177350293
2079068492
576401908
1565661328
1841778587
2013531397
535592875
1645874225
656812962
18640385
1546634640
1053549628
1241338983
1619544617
2103596471
1870382280
474286010
1026788734
1207639073
1315465259
1889680980
2070438632
937637470
1645270735
2127718146
121781975
734795301
1054837764
1639941755
1068896986
561130034
1951757313
366494793
1838383578
16661280
226981577
213472473
1254110689
2024050510
561130034
1400536447
446320353
1720275730
1919528180
1163949267
1347766710
1456817000
437745323
1086614206
1191856982
226981577
1314221623
690556072
169165656
591100944
759713200
2504956
705907866
769081880
500388871
459615617
670327125
151924
1058430923
166595729
1759743569
1905790138
1732977133
742605298
1074518382
1005941752
882538453
1486122914
108158557
1741312907
717776176
230699936
1072122445
1133788807
1516438585
901384078
1424523697
1946337390
1396731622
22249216
1496639251
217862159
185794927
990743845
1675721981
1032061859
635704701
1254110689
1972672617
206645191
845577418
812415192
1905790138
552491485
836786887
446320353
606760994
556221908
666000579
177350293
1523603102
490369757
1076844460
79235896
180748836
150414954
1843209660
1459908576
160897908
1207870908
1158641390
1798858138
1424523697
1254110689
676614498
714232089
1635086699
955988182
1320899443
1905511650
606760994
738791414
226981577
315577190
1270612638
2099746815
1962290994
1796150235
0
500802604
1346329520
87321275
1796150235
95305986
1241338983
1273823384
1287296335
749582431
426342811
1330013464
1238135768
401828749
1267411168
376400034
676947031
1927851403
2089776191
118709914
697762042
1027626599
1339953467
1363608558
1889766889
92090470
1358700696
2069084680
2059421098
872900900
2007910247
1865037971
645755592
1727605148
952844469
566759308
1267228241
1575528969
544408089
1131784657
1631927781
1945821747
117842945
173021384
952844469
827119807
1308897909
2008579815
1074144279
1516438585
810247919
1257281006
1561484829
675105043
555375674
1818019087
1430974208
2111445295
1004365098
1927851403
1104310258
858693336
1133270047
886249325
443196848
1901139791
855007462
2063097992
1333429075
600537576
1521743675
304501923
1691322530
1725469324
287114574
836786887
974455634
567689984
1953506667
1046324358
1191470656
393634900
892361161
801065086
1990350477
413498215
2049986177
69340829
166595729
998490465
1306598108
1155215546
650011671
681615190
520186577
424878319
798632485
1989898686
1318001427
1778729986
183194270
359622175
1352546392
345310249
859484538
1227916079
1533469992
799443135
1916282103
929965676
648287908
1260894635
676614498
2504956
990957319
784692228
675105043
1756037771
1391238144
437399255
390541003
586362068
1198153760
2036541405
1796150235
30296968
298320751
580275202
1811504892
1755738747
1526609480
141119621
1352546392
783301620
437745323
1854631873
1732977133
552491485
1133788807
764413954
1143684754
2139634281
201437949
95305986
315447303
690556072
834569288
45114095
1755738747
999770187
1662067923
1882916182
766749516
1543575371
664489972
1516973871
328666344
1825336193
1678464402
648287908
492133560
2127718146
1754535601
807736960
914186161
842335459
240679036
25508174
1564357152
868945474
1802467140
354495753
1403048282
1208046832
213472473
695813518
1860878939
1770150602
1240019437
620193491
1759743569
1856610611
575144407
117574268
1257095828
1246521089
779589614
1932433015
1671640477
1459908576
492133560
916020731
1331715755
777875340
1179455295
2063337258
256837275
418740960
1186673327
1865275806
818177376
121781975
834551543
271929467
91046258
526631898
1354252136
1986092538
1764064846
1444445929
1912717348
1327332139
502930103
451045142
1217333045
600251026
734646762
357394089
1514407477
193083248
1591652220
1851834612
92090470
531040799
1306598108
754022415
79911272
1104310258
1843537709
573066359
412510673
427263089
1033994095
1642287826
902693460
145125401
2082436547
1388535443
1056558781
1796150235
1862510995
1153457687
1514407477
2061008304
994406146
546264225
1300722203
1158249893
1270612638
561130034
1856610611
777875340
1238135768
546264225
606760994
62942943
614796010
1901086599
1926775166
551188590
648287908
1268655981
508385187
567689984
534016995
1231510474
1479886352
672401154
469631964
1870382280
0
731607602
675105043
1267411168
1915224373
1642287826
865104590
494318327
1755738747
764413954
1724913663
354495753
1729264491
618934332
667751188
456087845
1098649883
595276925
520186577
806172175
556221908
1868328603
1292948798
1396731622
766749516
1786004173
852559195
49769331
942126089
1478210531
146086101
1133788807
2069084680
793538041
120797823
1068525680
1786973785
2120439876
1026788734
1870800343
266404702
1591652220
1319703166
1405859553
112082288
2033016750
1015883214
1287310040
1688493705
376400034
1236350778
1604068226
1590530563
1201893348
900042806
923438476
1594943722
347361572
303706561
342639610
898295298
1122661529
639523138
1567966617
1479886352
641280139
836906053
937637470
836786887
151195791
1242066215
868945474
22497436
450128095
1026788734
160380677
1257095828
1954349109
193083248
1645270735
1435158850
791677546
1870800343
893673072
1001412300
76248609
1934703721
868945474
172244853
24397769
406601064
1133788807
1888674651
1373843077
396975854
171647762
2135533854
76248609
364163227
150414954
2020235740
2110419335
234298409
1224035770
777678337
1666246382
799443135
366494793
1950506799
561786318
1491021974
1231510474
474286010
2124080031
469115563
648287908
129123083
1049312335
1514407477
1215047216
1174817221
1446664628
1710066523
379394964
1212828266
785035705
1101022635
1468625443
391013354
2035185462
1591652220
1209429345
