586812564
787102262
1945451647
463482606
1962113460
1344307997
1502506786
1069699515
806230975
1205174255
969163831
221868712
1897028278
179132445
1198278565
1154682342
174212308
1244332371
1644553688
770796790
401098533
127729945
1157085264
70867274
906375887
1455264860
2130338819
1791155887
2030851834
478443517
1520860670
7500084
1708852180
1600907138
189087545
1967334239
604967634
752407556
255557243
1071668008
1706644576
333080628
224003242
1189953537
1394021802
408638639
1481666681
1032028672
189087545
1447442984
1807623556
2023370438
975221437
485702436
0
1496344616
708073653
668601091
1622681538
1214778726
13791183
1520860670
1141722890
1160171056
2024922945
456498083
1892628813
2098145525
838606402
852373459
1739667625
2038987856
255282086
1102863110
1415843936
1511447057
692933933
1113999890
53500398
568739698
1265122826
508378564
1795577923
271395487
82511055
1314654983
1118901220
244133202
1156077715
325417728
703104717
722240982
362676496
837935131
1625240671
581266487
1144404905
1407217633
171124622
53500398
1312128703
1458193933
379477124
1249011857
633108059
1394021802
119889726
759402073
868060286
351339894
177625417
1589887640
1330021342
872627422
1887098372
1498874269
1307923026
878924355
1132929179
578317559
612256827
986532720
1987680962
404496351
369136847
1376938167
343497533
711799286
1920093844
973449286
38275499
526479733
1710709379
1415615686
255557243
1345474560
1618493486
159808014
1678955191
1713274262
1916020404
1502506786
1946741962
578317559
1596867030
1771859866
1206016674
1041640214
613682136
670572118
545483671
1381984684
440276657
10386619
565843192
1436439263
565712155
521708824
58277419
637755309
1740794228
1127953719
1600698685
654453406
793924064
620829388
95755827
1771859866
924190883
1724736105
1697070521
1773060739
604985307
428958233
23529834
1517638592
44116777
1351693742
2094213624
0
1489836608
1144402617
760639723
468562008
1075836531
100878345
1196734706
1763491384
429798954
1150575366
278406440
630816032
1285518799
494878135
734814326
816251088
318855366
46159340
1817765439
856713403
1643843172
752407556
1186666812
1581468823
1223819335
518598694
922883439
880373023
51592600
980484886
1536374045
1715296829
2056329335
1644697625
2114885926
1028799984
1839316964
758386936
1120909409
394018715
482502763
744126274
1619079554
1982453637
157506820
996097339
1602174374
290219630
1187726257
1730234649
2069457134
189087545
1481666681
1560861283
76418003
699552370
567452944
1938112678
1449010618
511510237
1720667466
957813484
1867060001
1719294221
1496344616
450380211
1705520230
865443774
983777862
389344097
843359059
1763491384
174996002
0
1445527818
624315970
1167607734
1336712027
638822694
1581899628
896887957
189087545
557202211
248937768
1376938167
968068802
1514752836
1897028278
756967334
1626303533
1813345705
1175515480
1970097315
514544416
65939490
917320967
76418003
1242844025
2013345173
1032082298
2127047837
647010933
1853956489
518598694
53500398
699552370
0
0
1761874579
1258846235
1805007377
1823364319
279974022
1770130118
349906659
508451608
1186666812
1120909409
1142569697
449596526
721188645
1898982326
841307163
419264867
925923788
2088576287
598739571
1284585522
1285627785
130761409
149139933
1474374092
1382115746
2095692932
343762800
1178807056
1716795196
1385128902
53500398
377299792
451563425
1605438964
1536777726
1473224129
1230053388
1032082298
1219747556
1411187868
1858537812
1050224508
2099926165
1291878231
451563425
1839164975
796208836
1157462969
1945868365
578673165
360717655
1571505377
1090361572
769301741
744126274
1084321787
209808790
2075896031
2143719699
504507098
1402806403
1692098423
1103202970
877879764
1144404905
2136097753
1648316333
1846977633
179126479
2122596331
1890941363
205854092
1090361572
710615858
23529834
1817063617
721232928
1615544467
673432137
938878336
861489307
637161153
2096662475
1608541426
822574377
1470377156
906289116
1984970906
1154835317
1148393028
1276604109
775038151
722220936
168190226
895517878
1740487687
179132445
1536374045
721232928
1235551900
1314493694
1724411323
8219410
1852266017
1979988672
162252784
217540016
519185595
295325161
315175559
532967459
530340999
1016543779
1501517316
174996002
149139933
764300240
1559039053
963140226
901012369
1385128902
969166057
1434020222
1024932926
27071556
747057941
0
2130004212
1503014788
1719820500
560796412
1046103797
980484886
1880058148
747057941
1304052389
82449871
482502763
101592009
1258386637
1458193933
249778268
1514752836
1770848387
414201075
1247368382
1417760202
1314654983
67401621
1488148210
179126479
2095692932
1363192749
2091410500
930546229
1339257477
1455264860
1954267182
186219112
120664964
1431399693
1363355903
1902212755
1645173256
1102221696
1415615686
1745112315
1270235956
636422181
1733310257
1729017348
368462486
252008562
512699116
1527985691
1115889272
238493889
1274570739
636625068
1713621885
1209825897
606028895
1027571054
159319777
329268321
1859345642
1304052389
744126274
711799286
1311222803
1956785833
1313436817
1723697245
188686174
109841059
189087545
343762800
224424269
1713621885
1188846546
1348567460
692933933
1857766840
1704536150
2002366099
1260866949
1715296829
463085273
627130341
1892034232
174275151
1183732285
1170504289
1494436231
620520665
1504601146
875367927
851080496
872627422
1477986550
1734105874
1627921823
575630912
1653233307
896887957
1332360307
217540016
1343431867
571104025
1394891587
472924957
1536777726
998849865
654801093
1806785014
1600090124
278406440
1581899628
2136849302
410269285
637914553
172127417
1293103128
0
255557243
1367876356
1436504433
710293837
163449401
696334164
1179737568
429798954
753496490
397543061
935826237
284054504
699046729
95755827
1881294220
80321643
437716169
612644745
1022945622
1755650170
1635189986
1611031624
1514752836
1772122395
441538387
1661291047
1781531401
976321599
381178944
703669139
2065966194
1979988672
1925371736
650333800
581266487
2058697128
744126274
1909478681
546536732
1975670387
1523605005
437651842
279974022
1744537365
1790258437
1661771430
1540665782
1082600962
1826073481
906375887
1006268716
172127417
2000366420
0
1981582917
695932869
343762800
564230128
712450416
532967459
1102221696
565843192
1612335395
1896734210
7500084
855919095
547976018
120664964
1942428579
1978293668
492516345
857236104
278406440
1447115453
1761553707
877879764
1618493486
1501517316
1003513246
1477986550
1235551900
40794292
1228825286
552379123
1978293668
1274570739
1002853225
88961137
1054243909
609831054
65939490
959804708
754924281
53500398
32983808
178605823
109841059
268849842
578317559
1311222803
2007118239
1344796449
1511522848
1451558752
797469217
1944747497
214315723
39072678
848046321
437651842
1006268716
1637284719
507972802
1175940614
1690344168
1209825897
342121926
1137870485
1719820500
575630912
394018715
890074953
2054976227
749367634
542721453
547976018
990446979
2044582990
408638639
388237611
1010668052
214315723
246367589
1707947079
835584492
647771072
1436504433
1517377704
658273727
658273727
1064920884
408638639
1192116248
862197696
552379123
2015991156
900936727
1581604403
1277632237
2099926165
1906890785
1718906752
1659765049
1566554761
1370101468
12407723
598739571
189087545
159808014
802385632
82511055
1651138571
1103202970
1082968060
1408631317
1447115453
1070879150
680146705
1663112496
921477983
472924957
680146705
1265179946
60710849
189087545
1646745369
985165491
1394021802
883245497
18032653
1399722547
1006268716
423515077
2007118239
469583604
1729591631
224424269
1255940821
2130338819
345523906
1024932926
1829194434
1501517316
1255428080
1187437133
704472208
451563425
67401621
1614363409
571104025
2009271939
1894907720
256531662
1454025229
563585748
1351693742
1916020404
1144404905
498939807
1347621792
343497533
221868712
568036074
34366188
1500776055
998849865
63589502
1541956723
1899968623
0
971317823
1333653220
1637284719
482502763
1729017348
1813345705
513807842
1133123243
2136849302
279974022
779641169
431259313
1939124830
854819274
1693993571
1071668008
1930861334
773400198
674260103
1867060001
969166057
662734226
1235551900
597633106
1880795596
255282086
1835801172
1470377156
451563425
93552210
18032653
1346132085
469583604
214315723
1137870485
2023370438
1032082298
500388744
1569202045
1192255475
1443473014
1597855289
119889726
1410978623
1981582917
1724736105
1077170730
832842142
667945564
225195453
414201075
959516841
1046103797
756967334
119889726
519185595
893098681
1723672480
1363355903
839151456
560216699
1839316964
7500084
658273727
757691869
1578976597
1852606195
1939124830
744126274
2065196932
1462786885
967316754
935247774
255158943
86713532
1463387151
1596867030
901882598
86713532
963100856
1737906609
582820463
1879315234
925923788
428958233
437651842
1096576794
504507098
701389452
1223819335
1080189693
1882133967
360717655
1586661147
1942888506
863254971
895517878
368462486
759402073
1237563064
1133123243
1555465861
528220443
1635350395
2086015154
92612108
77015413
1781531401
1313436817
178605823
1462786885
625085754
437716169
1663112496
420159955
1071668008
11094044
1697070521
748384557
2117667660
1150575366
975221437
923806816
2017423607
934484042
1637749310
504507098
1650813952
976321599
1155168910
212215696
1816687496
1383880667
1567124515
163410399
701194441
996245519
1633509048
557020395
284054504
598739571
234772045
446578972
34713567
1728009721
2036636837
1097731729
1600698685
1577399904
1923699874
992957977
1578976597
1037987119
2036636837
1887575015
1870594942
130366547
1078804738
58277419
1645173256
155680701
1051615928
1464496182
278406440
1777417039
1443473014
701442156
1483413037
1288182582
87785077
904943906
304097234
2122731523
706496093
1896576973
532967459
906375887
1507832582
1392340413
0
1654869561
1027571054
565712155
445194210
221868712
168190226
1759624736
987039021
1170161108
80321643
1737766846
536814727
604967634
323241836
389344097
770531912
1477986550
1628694763
1402806403
1790258437
1205953641
316369590
1622683753
1930861334
1059485521
163449401
1136701865
165761992
790831995
911478713
2046652116
799766394
2133084126
2126988689
1402806403
1374896812
1773232502
760639723
1536777726
44116777
1893611417
2023370438
1310153304
1242775758
1430853318
343497533
551748332
2038131946
769301741
1472358955
435109349
511510237
82511055
1811882865
2065658917
2055294766
76418003
350560766
813753826
248978086
968068802
8219410
578673165
988895038
1654869561
822873918
86713532
1637749310
1293856364
1693993571
1152789181
725968749
1204523255
625579567
2060250167
1305364119
598739571
1431399693
1985746970
1761553707
993264273
1408631317
1396596470
1879403910
469583604
842024517
564230128
741290820
797469217
1979420386
504507098
1033463059
2117623450
1812543360
2011711094
996097339
2098217362
229033590
695036789
850941590
1841960560
1925474606
1575371931
1508589418
1311988201
1430018679
1903210837
1504601146
1458193933
644963898
1713621885
848046321
255557243
797469217
276971683
565843192
1549927633
1207655666
808934468
1356100494
1594133122
379477124
772956934
1645173256
1671083571
1744783162
1715296829
186219112
2114350951
247101188
1936599275
1097731729
1127909508
1483413037
680146705
1955454991
1069699515
297665653
1979420386
1520860670
2026529748
418739656
2110026752
1265122826
2038987856
72295805
645022128
749547500
1960799240
1313436817
1112958109
1807731141
1925371736
560796412
1205953641
179132445
302853816
663951823
420159955
1011942430
1437490327
1835801172
1512979075
218974582
93552210
1473224129
1517435639
552157925
500388744
618353591
186219112
2127047837
1318983299
16464406
100878345
1778872893
173606538
731060320
685708158
1344307997
646224018
654801093
870592066
1127909508
186219112
2133084126
189087545
91305137
1898982326
304097234
2077897611
625037013
863254971
581266487
241114239
670572118
746239653
1921038022
1922411579
1161747594
650333800
343497533
1996641423
868365054
1624216642
1860140625
252671984
53500398
284054504
1071668008
1799696430
159408298
173823400
1946497215
138882206
1560533641
112069008
1510019365
1597855289
1535475381
686452272
1991904457
996245519
1555129493
117535362
1813345705
74000848
801403275
1879315234
1783078261
724854102
112479007
1581927987
880373023
991723468
653920556
2008763508
864476564
1624216642
1305430899
446578972
441538387
12407723
401556121
189087545
394018715
1675835025
0
120664964
437716169
1692098423
1751822898
503262360
709103032
1116897739
922562658
6649532
1060194608
1882133967
0
1202855658
1097731729
7500084
1268329808
0
89333165
436813669
1189953537
446578972
1648316333
138882206
1054050337
2140430916
1422539889
1071668008
2005689692
770531912
838618473
437651842
812024557
1790258437
1833697659
31680316
734231134
7500084
1745112315
1027571054
1270235956
225195453
1462786885
1167607734
1050224508
1795577923
955979004
779641169
960892259
212215696
1398001376
491724300
1097731729
279974022
1265179946
1360487526
195654265
1174387031
1221358375
963100856
1719294221
1338122655
654801093
514544416
877879764
1363355903
967316754
1437490327
2013003652
804981804
565712155
384118940
1847053753
1661771430
779641169
942242491
1090361572
1376471828
1381385210
815506982
896887957
1161781877
638156329
40794292
57166469
1667831252
35001695
1189953537
729388889
1127909508
284054504
1102759487
1666919316
163410399
384459269
224424269
304097234
451835951
707433645
1307923026
1499732618
1458193933
154159189
2083404191
935073206
1810531100
2110026752
1004375881
662734226
868365054
1361278171
1118901220
1715296829
674498042
1313255604
1348567460
990446979
1495295017
1458193933
906375887
1385128902
67401621
101592009
1841960560
725968749
837935131
1673555618
1102759487
256531662
1735083918
674260103
80321643
581511367
1558754162
252671984
1479032212
2072451840
1496344616
1060194608
74000848
1342797815
168190226
893098681
1621586524
822884487
1979420386
1326126462
1235551900
1442775162
2043501740
1550672363
701389452
2002366099
1517435639
1116950525
269878253
998849865
1667831252
790372945
1477760956
832842142
368262261
1575371931
1633597013
1552266721
1781531401
1745112315
1452101513
1328495190
451563425
753496490
82511055
1477760956
174996002
1082968060
1175515480
1002853225
772956934
1947277501
1920213144
35473206
221542347
1675835025
1828795367
1323749965
1415843936
532428103
1018063736
1388389544
1916660364
1536777726
730681516
1050224508
1198278565
861472441
120664964
1447442984
1712348699
36006388
1666919316
148509802
1635189986
1064920884
1925371736
494885566
773400198
1981582917
1857766840
1818131721
265899465
1192255475
239231541
754924281
446578972
2132155709
238493889
1356495150
1115890282
919718647
1202855658
1847684510
2009638402
163410399
1378643900
1002853225
1517377704
1451717326
1507832582
491724300
2017397735
324550825
707531827
1060793494
465568793
852411136
1070228191
1042615671
737171890
377128998
376180270
1740794228
468562008
295325161
557020395
79432026
1805007377
0
1451717326
729381301
880373023
1667831252
1148890560
1265179946
1263456339
478443517
963100856
1873756783
1866964935
751841254
2115568597
14382153
145308278
163410399
382535233
1189050093
2033808647
2072451840
556030287
0
2071749813
592187970
951177377
338239676
298269573
1592816060
1862189705
1990871817
101592009
2019387376
1383880667
1704536150
2049312700
1032028672
113984531
1757220898
88622811
893098681
1816687496
1557802742
1699878656
1629535610
1452101513
224424269
1060079993
408051767
1410544529
901882598
1723954723
